

times in msec
 clock   self+sourced   self:  sourced script
 clock   elapsed:              other lines

000.011  000.011: --- NVIM STARTING ---
000.827  000.816: locale set
001.344  000.517: inits 1
001.367  000.023: window checked
001.373  000.005: parsing arguments
001.621  000.249: expanding arguments
001.682  000.061: inits 2
002.059  000.377: init highlight
002.060  000.001: waiting for UI
004.734  002.674: done waiting for UI
004.747  000.014: initialized screen early for UI
021.374  000.308  000.308: sourcing /usr/local/Cellar/neovim/HEAD-76f5c72_2/share/nvim/runtime/syntax/syncolor.vim
022.244  001.381  001.073: sourcing /usr/local/Cellar/neovim/HEAD-76f5c72_2/share/nvim/runtime/syntax/synload.vim
029.399  000.032  000.032: sourcing /Users/matthias/.local/share/nvim/site/pack/packer/start/nvim-treesitter/ftdetect/query.vim
029.674  007.265  007.233: sourcing /usr/local/Cellar/neovim/HEAD-76f5c72_2/share/nvim/runtime/filetype.vim
031.341  000.572  000.572: sourcing /usr/local/Cellar/neovim/HEAD-76f5c72_2/share/nvim/runtime/scripts.vim
031.970  011.279  002.062: sourcing /usr/local/Cellar/neovim/HEAD-76f5c72_2/share/nvim/runtime/syntax/syntax.vim
033.659  000.188  000.188: sourcing /usr/local/Cellar/neovim/HEAD-76f5c72_2/share/nvim/runtime/syntax/syncolor.vim
034.843  000.148  000.148: sourcing /usr/local/Cellar/neovim/HEAD-76f5c72_2/share/nvim/runtime/syntax/syncolor.vim
036.126  000.177  000.177: sourcing /usr/local/Cellar/neovim/HEAD-76f5c72_2/share/nvim/runtime/syntax/syncolor.vim
037.238  000.150  000.150: sourcing /usr/local/Cellar/neovim/HEAD-76f5c72_2/share/nvim/runtime/syntax/syncolor.vim
039.260  004.763  004.289: sourcing /Users/matthias/.config/nvim/colors/github_light.vim
045.280  024.692  008.461: sourcing /Users/matthias/.config/nvim/settings.vim
045.551  000.175  000.175: sourcing /Users/matthias/.config/nvim/keymappings.vim
276.152  270.822  245.955: sourcing /Users/matthias/.config/nvim/init.vim
276.166  000.597: sourcing vimrc file(s)
276.380  000.066  000.066: sourcing /usr/local/Cellar/neovim/HEAD-76f5c72_2/share/nvim/runtime/ftplugin.vim
277.248  000.058  000.058: sourcing /usr/local/Cellar/neovim/HEAD-76f5c72_2/share/nvim/runtime/indent.vim
284.072  000.748  000.748: sourcing /Users/matthias/.config/nvim/plugin/packer_compiled.vim
285.630  000.330  000.330: sourcing /usr/local/Cellar/neovim/HEAD-76f5c72_2/share/nvim/runtime/plugin/gzip.vim
285.736  000.024  000.024: sourcing /usr/local/Cellar/neovim/HEAD-76f5c72_2/share/nvim/runtime/plugin/health.vim
285.890  000.080  000.080: sourcing /usr/local/Cellar/neovim/HEAD-76f5c72_2/share/nvim/runtime/plugin/man.vim
288.140  000.217  000.217: sourcing /usr/local/Cellar/neovim/HEAD-76f5c72_2/share/nvim/runtime/pack/dist/opt/matchit/plugin/matchit.vim
288.223  002.256  002.038: sourcing /usr/local/Cellar/neovim/HEAD-76f5c72_2/share/nvim/runtime/plugin/matchit.vim
288.483  000.176  000.176: sourcing /usr/local/Cellar/neovim/HEAD-76f5c72_2/share/nvim/runtime/plugin/matchparen.vim
288.995  000.426  000.426: sourcing /usr/local/Cellar/neovim/HEAD-76f5c72_2/share/nvim/runtime/plugin/netrwPlugin.vim
289.422  000.019  000.019: sourcing /Users/matthias/.local/share/nvim/rplugin.vim
289.435  000.337  000.317: sourcing /usr/local/Cellar/neovim/HEAD-76f5c72_2/share/nvim/runtime/plugin/rplugin.vim
289.635  000.113  000.113: sourcing /usr/local/Cellar/neovim/HEAD-76f5c72_2/share/nvim/runtime/plugin/shada.vim
289.774  000.037  000.037: sourcing /usr/local/Cellar/neovim/HEAD-76f5c72_2/share/nvim/runtime/plugin/spellfile.vim
290.019  000.155  000.155: sourcing /usr/local/Cellar/neovim/HEAD-76f5c72_2/share/nvim/runtime/plugin/tarPlugin.vim
290.212  000.099  000.099: sourcing /usr/local/Cellar/neovim/HEAD-76f5c72_2/share/nvim/runtime/plugin/tohtml.vim
290.334  000.033  000.033: sourcing /usr/local/Cellar/neovim/HEAD-76f5c72_2/share/nvim/runtime/plugin/tutor.vim
290.605  000.184  000.184: sourcing /usr/local/Cellar/neovim/HEAD-76f5c72_2/share/nvim/runtime/plugin/zipPlugin.vim
290.699  009.413: loading plugins
291.980  000.024  000.024: sourcing /Users/matthias/.local/share/nvim/site/pack/packer/start/barbar.nvim/autoload/bufferline.vim
292.488  000.080  000.080: sourcing /Users/matthias/.local/share/nvim/site/pack/packer/start/barbar.nvim/autoload/bufferline/highlight.vim
297.467  005.905  005.801: sourcing /Users/matthias/.local/share/nvim/site/pack/packer/start/barbar.nvim/plugin/bufferline.vim
298.075  000.268  000.268: sourcing /Users/matthias/.local/share/nvim/site/pack/packer/start/dashboard-nvim/plugin/dashboard.vim
298.449  000.050  000.050: sourcing /Users/matthias/.local/share/nvim/site/pack/packer/start/Dusk-til-Dawn.nvim/plugin/Dusk-til-Dawn.vim
298.842  000.132  000.132: sourcing /Users/matthias/.local/share/nvim/site/pack/packer/start/galaxyline.nvim/plugin/galaxyline.vim
299.273  000.040  000.040: sourcing /Users/matthias/.local/share/nvim/site/pack/packer/start/hop.nvim/plugin/hop.vim
299.900  000.030  000.030: sourcing /Users/matthias/.local/share/nvim/site/pack/packer/start/indent-blankline.nvim/autoload/indent_blankline/helper.vim
301.973  002.387  002.356: sourcing /Users/matthias/.local/share/nvim/site/pack/packer/start/indent-blankline.nvim/plugin/indent_blankline.vim
302.655  000.353  000.353: sourcing /Users/matthias/.local/share/nvim/site/pack/packer/start/lspsaga.nvim/plugin/lspsaga.vim
303.016  000.041  000.041: sourcing /Users/matthias/.local/share/nvim/site/pack/packer/start/nvim-colorizer.lua/plugin/colorizer.vim
303.496  000.145  000.145: sourcing /Users/matthias/.local/share/nvim/site/pack/packer/start/nvim-compe/plugin/compe.vim
303.868  000.041  000.041: sourcing /Users/matthias/.local/share/nvim/site/pack/packer/start/nvim-jdtls/plugin/nvim_jdtls.vim
304.295  000.081  000.081: sourcing /Users/matthias/.local/share/nvim/site/pack/packer/start/nvim-lspconfig/plugin/lspconfig.vim
304.695  000.061  000.061: sourcing /Users/matthias/.local/share/nvim/site/pack/packer/start/nvim-lspinstall/plugin/lspinstall.vim
305.017  000.040  000.040: sourcing /Users/matthias/.local/share/nvim/site/pack/packer/start/nvim-toggleterm.lua/plugin/toggleterm.vim
305.411  000.094  000.094: sourcing /Users/matthias/.local/share/nvim/site/pack/packer/start/nvim-tree.lua/plugin/tree.vim
306.545  000.868  000.868: sourcing /Users/matthias/.local/share/nvim/site/pack/packer/start/nvim-treesitter/plugin/nvim-treesitter.vim
306.735  000.037  000.037: sourcing /Users/matthias/.local/share/nvim/site/pack/packer/start/nvim-treesitter/ftdetect/query.vim
307.225  000.196  000.196: sourcing /Users/matthias/.local/share/nvim/site/pack/packer/start/nvim-ts-rainbow/plugin/rainbow.vim
307.585  000.047  000.047: sourcing /Users/matthias/.local/share/nvim/site/pack/packer/start/nvim-web-devicons/plugin/nvim-web-devicons.vim
311.326  003.400  003.400: sourcing /Users/matthias/.local/share/nvim/site/pack/packer/start/plenary.nvim/plugin/plenary.vim
312.090  000.287  000.287: sourcing /Users/matthias/.local/share/nvim/site/pack/packer/start/telescope.nvim/plugin/telescope.vim
314.873  002.470  002.470: sourcing /Users/matthias/.local/share/nvim/site/pack/packer/start/vim-devicons/plugin/webdevicons.vim
316.063  000.511  000.511: sourcing /Users/matthias/.local/share/nvim/site/pack/packer/start/vim-rooter/plugin/rooter.vim
317.516  000.834  000.834: sourcing /Users/matthias/.local/share/nvim/site/pack/packer/start/vim-vsnip/plugin/vsnip.vim
318.357  000.235  000.235: sourcing /Users/matthias/.local/share/nvim/site/pack/packer/start/vim-which-key/plugin/which_key.vim
318.854  009.632: loading packages
322.381  002.011  002.011: sourcing /Users/matthias/.local/share/nvim/site/pack/packer/start/nvim-compe/after/plugin/compe_buffer.vim
323.926  001.421  001.421: sourcing /Users/matthias/.local/share/nvim/site/pack/packer/start/nvim-compe/after/plugin/compe_calc.vim
325.485  001.457  001.457: sourcing /Users/matthias/.local/share/nvim/site/pack/packer/start/nvim-compe/after/plugin/compe_emoji.vim
328.641  003.045  003.045: sourcing /Users/matthias/.local/share/nvim/site/pack/packer/start/nvim-compe/after/plugin/compe_luasnip.vim
330.174  001.439  001.439: sourcing /Users/matthias/.local/share/nvim/site/pack/packer/start/nvim-compe/after/plugin/compe_nvim_lsp.vim
331.498  001.207  001.207: sourcing /Users/matthias/.local/share/nvim/site/pack/packer/start/nvim-compe/after/plugin/compe_nvim_lua.vim
332.684  001.104  001.104: sourcing /Users/matthias/.local/share/nvim/site/pack/packer/start/nvim-compe/after/plugin/compe_omni.vim
333.936  001.167  001.167: sourcing /Users/matthias/.local/share/nvim/site/pack/packer/start/nvim-compe/after/plugin/compe_path.vim
336.519  002.495  002.495: sourcing /Users/matthias/.local/share/nvim/site/pack/packer/start/nvim-compe/after/plugin/compe_snippets_nvim.vim
337.694  001.091  001.091: sourcing /Users/matthias/.local/share/nvim/site/pack/packer/start/nvim-compe/after/plugin/compe_spell.vim
338.881  001.106  001.106: sourcing /Users/matthias/.local/share/nvim/site/pack/packer/start/nvim-compe/after/plugin/compe_tags.vim
340.397  001.430  001.430: sourcing /Users/matthias/.local/share/nvim/site/pack/packer/start/nvim-compe/after/plugin/compe_treesitter.vim
340.533  000.048  000.048: sourcing /Users/matthias/.local/share/nvim/site/pack/packer/start/nvim-compe/after/plugin/compe_ultisnips.vim
340.655  000.046  000.046: sourcing /Users/matthias/.local/share/nvim/site/pack/packer/start/nvim-compe/after/plugin/compe_vim_lsc.vim
340.774  000.045  000.045: sourcing /Users/matthias/.local/share/nvim/site/pack/packer/start/nvim-compe/after/plugin/compe_vim_lsp.vim
342.179  001.337  001.337: sourcing /Users/matthias/.local/share/nvim/site/pack/packer/start/nvim-compe/after/plugin/compe_vsnip.vim
342.457  003.152: loading after plugins
342.471  000.014: inits 3
344.935  002.463: reading ShaDa
345.532  000.182  000.182: sourcing /Users/matthias/.local/share/nvim/site/pack/packer/start/dashboard-nvim/autoload/dashboard.vim
346.102  000.041  000.041: sourcing /Users/matthias/.local/share/nvim/site/pack/packer/start/indent-blankline.nvim/autoload/indent_blankline.vim
346.448  001.290: opening buffers
351.767  005.318: BufEnter autocommands
351.771  000.005: editing files in windows
352.312  000.053  000.053: sourcing /Users/matthias/.local/share/nvim/site/pack/packer/start/dashboard-nvim/autoload/dashboard/utils.vim
352.975  000.147  000.147: sourcing /Users/matthias/.local/share/nvim/site/pack/packer/start/dashboard-nvim/autoload/dashboard/section.vim
354.025  000.231  000.231: sourcing /usr/local/Cellar/neovim/HEAD-76f5c72_2/share/nvim/runtime/autoload/provider/clipboard.vim
355.048  000.184  000.184: sourcing /Users/matthias/.local/share/nvim/site/pack/packer/start/dashboard-nvim/syntax/dashboard.vim
355.880  000.022  000.022: sourcing /Users/matthias/.local/share/nvim/site/pack/packer/start/dashboard-nvim/syntax/dashboard.vim
362.588  010.180: VimEnter autocommands
362.592  000.004: UIEnter autocommands
362.595  000.003: before starting main loop
363.933  000.338  000.338: sourcing /Users/matthias/.local/share/nvim/site/pack/packer/start/vim-vsnip/autoload/vital/vsnip.vim
364.253  000.113  000.113: sourcing /Users/matthias/.local/share/nvim/site/pack/packer/start/vim-vsnip/autoload/vital/_vsnip/VS/LSP/Position.vim
364.445  000.057  000.057: sourcing /Users/matthias/.local/share/nvim/site/pack/packer/start/vim-vsnip/autoload/vital/_vsnip.vim
364.900  001.441  000.933: sourcing /Users/matthias/.local/share/nvim/site/pack/packer/start/vim-vsnip/autoload/vsnip/snippet.vim
365.295  000.205  000.205: sourcing /Users/matthias/.local/share/nvim/site/pack/packer/start/vim-vsnip/autoload/vital/_vsnip/VS/LSP/TextEdit.vim
365.645  000.097  000.097: sourcing /Users/matthias/.local/share/nvim/site/pack/packer/start/vim-vsnip/autoload/vital/_vsnip/VS/LSP/Text.vim
366.072  000.134  000.134: sourcing /Users/matthias/.local/share/nvim/site/pack/packer/start/vim-vsnip/autoload/vital/_vsnip/VS/Vim/Buffer.vim
366.426  000.082  000.082: sourcing /Users/matthias/.local/share/nvim/site/pack/packer/start/vim-vsnip/autoload/vital/_vsnip/VS/Vim/Option.vim
367.006  000.262  000.262: sourcing /Users/matthias/.local/share/nvim/site/pack/packer/start/vim-vsnip/autoload/vital/_vsnip/VS/LSP/Diff.vim
367.324  004.004  001.783: sourcing /Users/matthias/.local/share/nvim/site/pack/packer/start/vim-vsnip/autoload/vsnip/session.vim
367.643  004.472  000.467: sourcing /Users/matthias/.local/share/nvim/site/pack/packer/start/vim-vsnip/autoload/vsnip.vim
368.895  001.829: first screen update
368.908  000.013: --- NVIM STARTED ---
